0 info it worked if it ends with ok
1 verbose cli [ '/usr/local/opt/nvm/v0.10.0/bin/node',
1 verbose cli   '/usr/local/opt/nvm/v0.10.0/bin/npm',
1 verbose cli   'install' ]
2 info using npm@1.2.14
3 info using node@v0.10.0
4 verbose node symlink /usr/local/opt/nvm/v0.10.0/bin/node
5 verbose read json /Users/jqcMac/gocode/src/github.com/geminas/ilike2/package.json
6 verbose readDependencies using package.json deps
7 verbose install where, deps [ '/Users/jqcMac/gocode/src/github.com/geminas/ilike2',
7 verbose install   [ 'vue',
7 verbose install     'css-loader',
7 verbose install     'less-loader',
7 verbose install     'html-loader',
7 verbose install     'node-libs-browser',
7 verbose install     'style-loader',
7 verbose install     'stylus-loader',
7 verbose install     'sass-loader',
7 verbose install     'webpack',
7 verbose install     'vue-loader' ] ]
8 verbose from cache /Users/jqcMac/gocode/src/github.com/geminas/ilike2/package.json
9 info preinstall ilike2@0.1.0
10 verbose read json /Users/jqcMac/gocode/src/github.com/geminas/ilike2/node_modules/css-loader/package.json
11 verbose read json /Users/jqcMac/gocode/src/github.com/geminas/ilike2/node_modules/html-loader/package.json
12 verbose read json /Users/jqcMac/gocode/src/github.com/geminas/ilike2/node_modules/node-libs-browser/package.json
13 verbose read json /Users/jqcMac/gocode/src/github.com/geminas/ilike2/node_modules/node-sass/package.json
14 verbose read json /Users/jqcMac/gocode/src/github.com/geminas/ilike2/node_modules/sass-loader/package.json
15 verbose read json /Users/jqcMac/gocode/src/github.com/geminas/ilike2/node_modules/style-loader/package.json
16 verbose read json /Users/jqcMac/gocode/src/github.com/geminas/ilike2/node_modules/stylus-loader/package.json
17 verbose read json /Users/jqcMac/gocode/src/github.com/geminas/ilike2/node_modules/vue/package.json
18 verbose read json /Users/jqcMac/gocode/src/github.com/geminas/ilike2/node_modules/vue-loader/package.json
19 verbose read json /Users/jqcMac/gocode/src/github.com/geminas/ilike2/node_modules/webpack/package.json
20 verbose from cache /Users/jqcMac/gocode/src/github.com/geminas/ilike2/package.json
21 verbose readDependencies using package.json deps
22 verbose from cache /Users/jqcMac/gocode/src/github.com/geminas/ilike2/node_modules/css-loader/package.json
23 verbose from cache /Users/jqcMac/gocode/src/github.com/geminas/ilike2/node_modules/html-loader/package.json
24 verbose from cache /Users/jqcMac/gocode/src/github.com/geminas/ilike2/node_modules/node-libs-browser/package.json
25 verbose from cache /Users/jqcMac/gocode/src/github.com/geminas/ilike2/node_modules/node-sass/package.json
26 verbose from cache /Users/jqcMac/gocode/src/github.com/geminas/ilike2/node_modules/sass-loader/package.json
27 verbose from cache /Users/jqcMac/gocode/src/github.com/geminas/ilike2/node_modules/style-loader/package.json
28 verbose from cache /Users/jqcMac/gocode/src/github.com/geminas/ilike2/node_modules/stylus-loader/package.json
29 verbose from cache /Users/jqcMac/gocode/src/github.com/geminas/ilike2/node_modules/vue/package.json
30 verbose from cache /Users/jqcMac/gocode/src/github.com/geminas/ilike2/node_modules/vue-loader/package.json
31 verbose from cache /Users/jqcMac/gocode/src/github.com/geminas/ilike2/node_modules/webpack/package.json
32 verbose cache add [ 'less-loader@*', null ]
33 verbose cache add name=undefined spec="less-loader@*" args=["less-loader@*",null]
34 verbose parsed url { protocol: null,
34 verbose parsed url   slashes: null,
34 verbose parsed url   auth: null,
34 verbose parsed url   host: null,
34 verbose parsed url   port: null,
34 verbose parsed url   hostname: null,
34 verbose parsed url   hash: null,
34 verbose parsed url   search: null,
34 verbose parsed url   query: null,
34 verbose parsed url   pathname: 'less-loader@*',
34 verbose parsed url   path: 'less-loader@*',
34 verbose parsed url   href: 'less-loader@*' }
35 verbose cache add name="less-loader" spec="*" args=["less-loader","*"]
36 verbose parsed url { protocol: null,
36 verbose parsed url   slashes: null,
36 verbose parsed url   auth: null,
36 verbose parsed url   host: null,
36 verbose parsed url   port: null,
36 verbose parsed url   hostname: null,
36 verbose parsed url   hash: null,
36 verbose parsed url   search: null,
36 verbose parsed url   query: null,
36 verbose parsed url   pathname: '*',
36 verbose parsed url   path: '*',
36 verbose parsed url   href: '*' }
37 verbose addNamed [ 'less-loader', '*' ]
38 verbose addNamed [ null, '' ]
39 verbose cache add [ 'html-loader@^0.3.0', null ]
40 verbose cache add name=undefined spec="html-loader@^0.3.0" args=["html-loader@^0.3.0",null]
41 verbose parsed url { protocol: null,
41 verbose parsed url   slashes: null,
41 verbose parsed url   auth: null,
41 verbose parsed url   host: null,
41 verbose parsed url   port: null,
41 verbose parsed url   hostname: null,
41 verbose parsed url   hash: null,
41 verbose parsed url   search: null,
41 verbose parsed url   query: null,
41 verbose parsed url   pathname: 'html-loader@^0.3.0',
41 verbose parsed url   path: 'html-loader@^0.3.0',
41 verbose parsed url   href: 'html-loader@^0.3.0' }
42 verbose cache add name="html-loader" spec="^0.3.0" args=["html-loader","^0.3.0"]
43 verbose parsed url { protocol: null,
43 verbose parsed url   slashes: null,
43 verbose parsed url   auth: null,
43 verbose parsed url   host: null,
43 verbose parsed url   port: null,
43 verbose parsed url   hostname: null,
43 verbose parsed url   hash: null,
43 verbose parsed url   search: null,
43 verbose parsed url   query: null,
43 verbose parsed url   pathname: '^0.3.0',
43 verbose parsed url   path: '^0.3.0',
43 verbose parsed url   href: '^0.3.0' }
44 verbose addNamed [ 'html-loader', '^0.3.0' ]
45 verbose addNamed [ null, null ]
46 verbose cache add [ 'node-libs-browser@^0.5.2', null ]
47 verbose cache add name=undefined spec="node-libs-browser@^0.5.2" args=["node-libs-browser@^0.5.2",null]
48 verbose parsed url { protocol: null,
48 verbose parsed url   slashes: null,
48 verbose parsed url   auth: null,
48 verbose parsed url   host: null,
48 verbose parsed url   port: null,
48 verbose parsed url   hostname: null,
48 verbose parsed url   hash: null,
48 verbose parsed url   search: null,
48 verbose parsed url   query: null,
48 verbose parsed url   pathname: 'node-libs-browser@^0.5.2',
48 verbose parsed url   path: 'node-libs-browser@^0.5.2',
48 verbose parsed url   href: 'node-libs-browser@^0.5.2' }
49 verbose cache add name="node-libs-browser" spec="^0.5.2" args=["node-libs-browser","^0.5.2"]
50 verbose parsed url { protocol: null,
50 verbose parsed url   slashes: null,
50 verbose parsed url   auth: null,
50 verbose parsed url   host: null,
50 verbose parsed url   port: null,
50 verbose parsed url   hostname: null,
50 verbose parsed url   hash: null,
50 verbose parsed url   search: null,
50 verbose parsed url   query: null,
50 verbose parsed url   pathname: '^0.5.2',
50 verbose parsed url   path: '^0.5.2',
50 verbose parsed url   href: '^0.5.2' }
51 verbose addNamed [ 'node-libs-browser', '^0.5.2' ]
52 verbose addNamed [ null, null ]
53 silly lockFile 8241ea1d-less-loader less-loader@*
54 verbose lock less-loader@* /Users/jqcMac/.npm/8241ea1d-less-loader.lock
55 verbose cache add [ 'style-loader@^0.12.3', null ]
56 verbose cache add name=undefined spec="style-loader@^0.12.3" args=["style-loader@^0.12.3",null]
57 verbose parsed url { protocol: null,
57 verbose parsed url   slashes: null,
57 verbose parsed url   auth: null,
57 verbose parsed url   host: null,
57 verbose parsed url   port: null,
57 verbose parsed url   hostname: null,
57 verbose parsed url   hash: null,
57 verbose parsed url   search: null,
57 verbose parsed url   query: null,
57 verbose parsed url   pathname: 'style-loader@^0.12.3',
57 verbose parsed url   path: 'style-loader@^0.12.3',
57 verbose parsed url   href: 'style-loader@^0.12.3' }
58 verbose cache add name="style-loader" spec="^0.12.3" args=["style-loader","^0.12.3"]
59 verbose parsed url { protocol: null,
59 verbose parsed url   slashes: null,
59 verbose parsed url   auth: null,
59 verbose parsed url   host: null,
59 verbose parsed url   port: null,
59 verbose parsed url   hostname: null,
59 verbose parsed url   hash: null,
59 verbose parsed url   search: null,
59 verbose parsed url   query: null,
59 verbose parsed url   pathname: '^0.12.3',
59 verbose parsed url   path: '^0.12.3',
59 verbose parsed url   href: '^0.12.3' }
60 verbose addNamed [ 'style-loader', '^0.12.3' ]
61 verbose addNamed [ null, null ]
62 silly lockFile 6312b179-style-loader-0-12-3 style-loader@^0.12.3
63 verbose lock style-loader@^0.12.3 /Users/jqcMac/.npm/6312b179-style-loader-0-12-3.lock
64 silly lockFile 1e455bc8-html-loader-0-3-0 html-loader@^0.3.0
65 verbose lock html-loader@^0.3.0 /Users/jqcMac/.npm/1e455bc8-html-loader-0-3-0.lock
66 silly addNameRange { name: 'less-loader', range: '', hasData: false }
67 verbose cache add [ 'stylus-loader@^1.2.1', null ]
68 verbose cache add name=undefined spec="stylus-loader@^1.2.1" args=["stylus-loader@^1.2.1",null]
69 verbose parsed url { protocol: null,
69 verbose parsed url   slashes: null,
69 verbose parsed url   auth: null,
69 verbose parsed url   host: null,
69 verbose parsed url   port: null,
69 verbose parsed url   hostname: null,
69 verbose parsed url   hash: null,
69 verbose parsed url   search: null,
69 verbose parsed url   query: null,
69 verbose parsed url   pathname: 'stylus-loader@^1.2.1',
69 verbose parsed url   path: 'stylus-loader@^1.2.1',
69 verbose parsed url   href: 'stylus-loader@^1.2.1' }
70 verbose cache add name="stylus-loader" spec="^1.2.1" args=["stylus-loader","^1.2.1"]
71 verbose parsed url { protocol: null,
71 verbose parsed url   slashes: null,
71 verbose parsed url   auth: null,
71 verbose parsed url   host: null,
71 verbose parsed url   port: null,
71 verbose parsed url   hostname: null,
71 verbose parsed url   hash: null,
71 verbose parsed url   search: null,
71 verbose parsed url   query: null,
71 verbose parsed url   pathname: '^1.2.1',
71 verbose parsed url   path: '^1.2.1',
71 verbose parsed url   href: '^1.2.1' }
72 verbose addNamed [ 'stylus-loader', '^1.2.1' ]
73 verbose addNamed [ null, null ]
74 silly lockFile a8f06f3e-stylus-loader-1-2-1 stylus-loader@^1.2.1
75 verbose lock stylus-loader@^1.2.1 /Users/jqcMac/.npm/a8f06f3e-stylus-loader-1-2-1.lock
76 verbose already installed skipping sass-loader@* /Users/jqcMac/gocode/src/github.com/geminas/ilike2
77 info addNameTag [ 'style-loader', '^0.12.3' ]
78 silly lockFile 0063cd52-node-libs-browser-0-5-2 node-libs-browser@^0.5.2
79 verbose lock node-libs-browser@^0.5.2 /Users/jqcMac/.npm/0063cd52-node-libs-browser-0-5-2.lock
80 info addNameTag [ 'html-loader', '^0.3.0' ]
81 verbose url raw less-loader
82 verbose url resolving [ 'https://registry.npmjs.org/', './less-loader' ]
83 verbose url resolved https://registry.npmjs.org/less-loader
84 info trying registry request attempt 1 at 09:40:59
85 http GET https://registry.npmjs.org/less-loader
86 verbose cache add [ 'webpack@^1.11.0', null ]
87 verbose cache add name=undefined spec="webpack@^1.11.0" args=["webpack@^1.11.0",null]
88 verbose parsed url { protocol: null,
88 verbose parsed url   slashes: null,
88 verbose parsed url   auth: null,
88 verbose parsed url   host: null,
88 verbose parsed url   port: null,
88 verbose parsed url   hostname: null,
88 verbose parsed url   hash: null,
88 verbose parsed url   search: null,
88 verbose parsed url   query: null,
88 verbose parsed url   pathname: 'webpack@^1.11.0',
88 verbose parsed url   path: 'webpack@^1.11.0',
88 verbose parsed url   href: 'webpack@^1.11.0' }
89 verbose cache add name="webpack" spec="^1.11.0" args=["webpack","^1.11.0"]
90 verbose parsed url { protocol: null,
90 verbose parsed url   slashes: null,
90 verbose parsed url   auth: null,
90 verbose parsed url   host: null,
90 verbose parsed url   port: null,
90 verbose parsed url   hostname: null,
90 verbose parsed url   hash: null,
90 verbose parsed url   search: null,
90 verbose parsed url   query: null,
90 verbose parsed url   pathname: '^1.11.0',
90 verbose parsed url   path: '^1.11.0',
90 verbose parsed url   href: '^1.11.0' }
91 verbose addNamed [ 'webpack', '^1.11.0' ]
92 verbose addNamed [ null, null ]
93 silly lockFile d321e805-webpack-1-11-0 webpack@^1.11.0
94 verbose lock webpack@^1.11.0 /Users/jqcMac/.npm/d321e805-webpack-1-11-0.lock
95 verbose cache add [ 'vue-loader@^2.0.1', null ]
96 verbose cache add name=undefined spec="vue-loader@^2.0.1" args=["vue-loader@^2.0.1",null]
97 verbose parsed url { protocol: null,
97 verbose parsed url   slashes: null,
97 verbose parsed url   auth: null,
97 verbose parsed url   host: null,
97 verbose parsed url   port: null,
97 verbose parsed url   hostname: null,
97 verbose parsed url   hash: null,
97 verbose parsed url   search: null,
97 verbose parsed url   query: null,
97 verbose parsed url   pathname: 'vue-loader@^2.0.1',
97 verbose parsed url   path: 'vue-loader@^2.0.1',
97 verbose parsed url   href: 'vue-loader@^2.0.1' }
98 verbose cache add name="vue-loader" spec="^2.0.1" args=["vue-loader","^2.0.1"]
99 verbose parsed url { protocol: null,
99 verbose parsed url   slashes: null,
99 verbose parsed url   auth: null,
99 verbose parsed url   host: null,
99 verbose parsed url   port: null,
99 verbose parsed url   hostname: null,
99 verbose parsed url   hash: null,
99 verbose parsed url   search: null,
99 verbose parsed url   query: null,
99 verbose parsed url   pathname: '^2.0.1',
99 verbose parsed url   path: '^2.0.1',
99 verbose parsed url   href: '^2.0.1' }
100 verbose addNamed [ 'vue-loader', '^2.0.1' ]
101 verbose addNamed [ null, null ]
102 silly lockFile dd2e3781-vue-loader-2-0-1 vue-loader@^2.0.1
103 verbose lock vue-loader@^2.0.1 /Users/jqcMac/.npm/dd2e3781-vue-loader-2-0-1.lock
104 verbose cache add [ 'vue@^1.0.6', null ]
105 verbose cache add name=undefined spec="vue@^1.0.6" args=["vue@^1.0.6",null]
106 verbose parsed url { protocol: null,
106 verbose parsed url   slashes: null,
106 verbose parsed url   auth: null,
106 verbose parsed url   host: null,
106 verbose parsed url   port: null,
106 verbose parsed url   hostname: null,
106 verbose parsed url   hash: null,
106 verbose parsed url   search: null,
106 verbose parsed url   query: null,
106 verbose parsed url   pathname: 'vue@^1.0.6',
106 verbose parsed url   path: 'vue@^1.0.6',
106 verbose parsed url   href: 'vue@^1.0.6' }
107 verbose cache add name="vue" spec="^1.0.6" args=["vue","^1.0.6"]
108 verbose parsed url { protocol: null,
108 verbose parsed url   slashes: null,
108 verbose parsed url   auth: null,
108 verbose parsed url   host: null,
108 verbose parsed url   port: null,
108 verbose parsed url   hostname: null,
108 verbose parsed url   hash: null,
108 verbose parsed url   search: null,
108 verbose parsed url   query: null,
108 verbose parsed url   pathname: '^1.0.6',
108 verbose parsed url   path: '^1.0.6',
108 verbose parsed url   href: '^1.0.6' }
109 verbose addNamed [ 'vue', '^1.0.6' ]
110 verbose addNamed [ null, null ]
111 silly lockFile 54a67019-vue-1-0-6 vue@^1.0.6
112 verbose lock vue@^1.0.6 /Users/jqcMac/.npm/54a67019-vue-1-0-6.lock
113 verbose cache add [ 'css-loader@^0.15.4', null ]
114 verbose cache add name=undefined spec="css-loader@^0.15.4" args=["css-loader@^0.15.4",null]
115 verbose parsed url { protocol: null,
115 verbose parsed url   slashes: null,
115 verbose parsed url   auth: null,
115 verbose parsed url   host: null,
115 verbose parsed url   port: null,
115 verbose parsed url   hostname: null,
115 verbose parsed url   hash: null,
115 verbose parsed url   search: null,
115 verbose parsed url   query: null,
115 verbose parsed url   pathname: 'css-loader@^0.15.4',
115 verbose parsed url   path: 'css-loader@^0.15.4',
115 verbose parsed url   href: 'css-loader@^0.15.4' }
116 verbose cache add name="css-loader" spec="^0.15.4" args=["css-loader","^0.15.4"]
117 verbose parsed url { protocol: null,
117 verbose parsed url   slashes: null,
117 verbose parsed url   auth: null,
117 verbose parsed url   host: null,
117 verbose parsed url   port: null,
117 verbose parsed url   hostname: null,
117 verbose parsed url   hash: null,
117 verbose parsed url   search: null,
117 verbose parsed url   query: null,
117 verbose parsed url   pathname: '^0.15.4',
117 verbose parsed url   path: '^0.15.4',
117 verbose parsed url   href: '^0.15.4' }
118 verbose addNamed [ 'css-loader', '^0.15.4' ]
119 verbose addNamed [ null, null ]
120 silly lockFile ed0a1dfd-css-loader-0-15-4 css-loader@^0.15.4
121 verbose lock css-loader@^0.15.4 /Users/jqcMac/.npm/ed0a1dfd-css-loader-0-15-4.lock
122 info addNameTag [ 'stylus-loader', '^1.2.1' ]
123 verbose url raw style-loader
124 verbose url resolving [ 'https://registry.npmjs.org/', './style-loader' ]
125 verbose url resolved https://registry.npmjs.org/style-loader
126 info trying registry request attempt 1 at 09:40:59
127 http GET https://registry.npmjs.org/style-loader
128 info addNameTag [ 'node-libs-browser', '^0.5.2' ]
129 verbose url raw html-loader
130 verbose url resolving [ 'https://registry.npmjs.org/', './html-loader' ]
131 verbose url resolved https://registry.npmjs.org/html-loader
132 info trying registry request attempt 1 at 09:40:59
133 http GET https://registry.npmjs.org/html-loader
134 info addNameTag [ 'webpack', '^1.11.0' ]
135 info addNameTag [ 'vue-loader', '^2.0.1' ]
136 info addNameTag [ 'vue', '^1.0.6' ]
137 info addNameTag [ 'css-loader', '^0.15.4' ]
138 verbose url raw stylus-loader
139 verbose url resolving [ 'https://registry.npmjs.org/', './stylus-loader' ]
140 verbose url resolved https://registry.npmjs.org/stylus-loader
141 info trying registry request attempt 1 at 09:40:59
142 http GET https://registry.npmjs.org/stylus-loader
143 verbose url raw vue-loader
144 verbose url resolving [ 'https://registry.npmjs.org/', './vue-loader' ]
145 verbose url resolved https://registry.npmjs.org/vue-loader
146 info trying registry request attempt 1 at 09:40:59
147 http GET https://registry.npmjs.org/vue-loader
148 verbose url raw vue
149 verbose url resolving [ 'https://registry.npmjs.org/', './vue' ]
150 verbose url resolved https://registry.npmjs.org/vue
151 info trying registry request attempt 1 at 09:40:59
152 http GET https://registry.npmjs.org/vue
153 verbose url raw css-loader
154 verbose url resolving [ 'https://registry.npmjs.org/', './css-loader' ]
155 verbose url resolved https://registry.npmjs.org/css-loader
156 info trying registry request attempt 1 at 09:40:59
157 http GET https://registry.npmjs.org/css-loader
158 verbose url raw node-libs-browser
159 verbose url resolving [ 'https://registry.npmjs.org/', './node-libs-browser' ]
160 verbose url resolved https://registry.npmjs.org/node-libs-browser
161 info trying registry request attempt 1 at 09:40:59
162 verbose etag "4K5NDMOV6P0RXB060OO0RPIBA"
163 http GET https://registry.npmjs.org/node-libs-browser
164 verbose url raw webpack
165 verbose url resolving [ 'https://registry.npmjs.org/', './webpack' ]
166 verbose url resolved https://registry.npmjs.org/webpack
167 info trying registry request attempt 1 at 09:40:59
168 verbose etag "BTB4Z7G7O5MY018BKEW2WAITA"
169 http GET https://registry.npmjs.org/webpack
170 http 200 https://registry.npmjs.org/style-loader
171 silly registry.get cb [ 200,
171 silly registry.get   { server: 'CouchDB/1.5.0 (Erlang OTP/R16B03)',
171 silly registry.get     etag: '"53WKNQHMLBNPV5VDLXEH2VOTC"',
171 silly registry.get     'content-type': 'application/json',
171 silly registry.get     'cache-control': 'max-age=300',
171 silly registry.get     'content-length': '31812',
171 silly registry.get     'accept-ranges': 'bytes',
171 silly registry.get     date: 'Thu, 25 Feb 2016 01:40:59 GMT',
171 silly registry.get     via: '1.1 varnish',
171 silly registry.get     age: '276',
171 silly registry.get     connection: 'keep-alive',
171 silly registry.get     'x-served-by': 'cache-itm7426-ITM',
171 silly registry.get     'x-cache': 'HIT',
171 silly registry.get     'x-cache-hits': '1',
171 silly registry.get     'x-timer': 'S1456364459.651460,VS0,VE0',
171 silly registry.get     vary: 'Accept' } ]
172 silly lockFile 6312b179-style-loader-0-12-3 style-loader@^0.12.3
173 silly lockFile 6312b179-style-loader-0-12-3 style-loader@^0.12.3
174 error Error: No compatible version found: style-loader@'^0.12.3'
174 error Valid install targets:
174 error ["0.1.0","0.1.1","0.1.2","0.1.3","0.2.0","0.2.1","0.5.0","0.5.1","0.5.2","0.6.0","0.6.1","0.6.2","0.6.3","0.6.4","0.6.5","0.7.0","0.7.1","0.8.0","0.8.1","0.8.2","0.8.3","0.9.0","0.10.0","0.10.1","0.10.2","0.11.0","0.12.0","0.12.1","0.12.2","0.12.3","0.12.4","0.13.0"]
174 error     at installTargetsError (/usr/local/Cellar/nvm/0.30.1/v0.10.0/lib/node_modules/npm/lib/cache.js:682:10)
174 error     at /usr/local/Cellar/nvm/0.30.1/v0.10.0/lib/node_modules/npm/lib/cache.js:597:10
174 error     at saved (/usr/local/Cellar/nvm/0.30.1/v0.10.0/lib/node_modules/npm/node_modules/npm-registry-client/lib/get.js:138:7)
174 error     at Object.oncomplete (fs.js:93:15)
175 error If you need help, you may report this log at:
175 error     <http://github.com/isaacs/npm/issues>
175 error or email it to:
175 error     <npm-@googlegroups.com>
176 error System Darwin 15.3.0
177 error command "/usr/local/opt/nvm/v0.10.0/bin/node" "/usr/local/opt/nvm/v0.10.0/bin/npm" "install"
178 error cwd /Users/jqcMac/gocode/src/github.com/geminas/ilike2
179 error node -v v0.10.0
180 error npm -v 1.2.14
181 verbose exit [ 1, true ]
